{"/Users/mac/Desktop/keephy/keephy_enhanced/keephy_admin_app/app/layout.tsx": {"path":"/Users/mac/Desktop/keephy/keephy_enhanced/keephy_admin_app/app/layout.tsx","statementMap":{"0":{"start":{"line":10,"column":14},"end":{"line":10,"column":43}},"1":{"start":{"line":12,"column":34},"end":{"line":18,"column":1}},"2":{"start":{"line":26,"column":2},"end":{"line":28,"column":3}},"3":{"start":{"line":27,"column":4},"end":{"line":27,"column":36}},"4":{"start":{"line":30,"column":2},"end":{"line":52,"column":4}}},"fnMap":{"0":{"name":"RootLayout","decl":{"start":{"line":20,"column":24},"end":{"line":20,"column":34}},"loc":{"start":{"line":24,"column":4},"end":{"line":53,"column":1}},"line":24}},"branchMap":{"0":{"loc":{"start":{"line":26,"column":2},"end":{"line":28,"column":3}},"type":"if","locations":[{"start":{"line":26,"column":2},"end":{"line":28,"column":3}},{"start":{},"end":{}}],"line":26}},"s":{"0":0,"1":0,"2":0,"3":0,"4":0},"f":{"0":0},"b":{"0":[0,0]}}
,"/Users/mac/Desktop/keephy/keephy_enhanced/keephy_admin_app/app/page.tsx": {"path":"/Users/mac/Desktop/keephy/keephy_enhanced/keephy_admin_app/app/page.tsx","statementMap":{"0":{"start":{"line":5,"column":14},"end":{"line":166,"column":1}},"1":{"start":{"line":7,"column":2},"end":{"line":165,"column":4}}},"fnMap":{"0":{"name":"(anonymous_0)","decl":{"start":{"line":5,"column":14},"end":{"line":5,"column":15}},"loc":{"start":{"line":5,"column":20},"end":{"line":166,"column":1}},"line":5}},"branchMap":{},"s":{"0":1,"1":12},"f":{"0":12},"b":{},"_coverageSchema":"1a1c01bbd47fc00a2c39e90264f33305004495a9","hash":"9868863da54468e1f4241b69d9dbec479a3177be"}
,"/Users/mac/Desktop/keephy/keephy_enhanced/keephy_admin_app/app/providers.tsx": {"path":"/Users/mac/Desktop/keephy/keephy_enhanced/keephy_admin_app/app/providers.tsx","statementMap":{"0":{"start":{"line":8,"column":24},"end":{"line":18,"column":5}},"1":{"start":{"line":8,"column":39},"end":{"line":18,"column":4}},"2":{"start":{"line":13,"column":10},"end":{"line":13,"column":50}},"3":{"start":{"line":13,"column":37},"end":{"line":13,"column":50}},"4":{"start":{"line":14,"column":10},"end":{"line":14,"column":34}},"5":{"start":{"line":20,"column":2},"end":{"line":25,"column":4}}},"fnMap":{"0":{"name":"Providers","decl":{"start":{"line":7,"column":24},"end":{"line":7,"column":33}},"loc":{"start":{"line":7,"column":79},"end":{"line":26,"column":1}},"line":7},"1":{"name":"(anonymous_1)","decl":{"start":{"line":8,"column":33},"end":{"line":8,"column":34}},"loc":{"start":{"line":8,"column":39},"end":{"line":18,"column":4}},"line":8},"2":{"name":"(anonymous_2)","decl":{"start":{"line":12,"column":15},"end":{"line":12,"column":16}},"loc":{"start":{"line":12,"column":45},"end":{"line":15,"column":9}},"line":12}},"branchMap":{"0":{"loc":{"start":{"line":13,"column":10},"end":{"line":13,"column":50}},"type":"if","locations":[{"start":{"line":13,"column":10},"end":{"line":13,"column":50}},{"start":{},"end":{}}],"line":13}},"s":{"0":0,"1":0,"2":0,"3":0,"4":0,"5":0},"f":{"0":0,"1":0,"2":0},"b":{"0":[0,0]}}
,"/Users/mac/Desktop/keephy/keephy_enhanced/keephy_admin_app/components/AnalyticsChart.tsx": {"path":"/Users/mac/Desktop/keephy/keephy_enhanced/keephy_admin_app/components/AnalyticsChart.tsx","statementMap":{"0":{"start":{"line":17,"column":15},"end":{"line":17,"column":70}},"1":{"start":{"line":20,"column":22},"end":{"line":76,"column":3}},"2":{"start":{"line":21,"column":4},"end":{"line":75,"column":5}},"3":{"start":{"line":23,"column":8},"end":{"line":31,"column":10}},"4":{"start":{"line":34,"column":24},"end":{"line":38,"column":11}},"5":{"start":{"line":34,"column":51},"end":{"line":38,"column":9}},"6":{"start":{"line":39,"column":8},"end":{"line":57,"column":10}},"7":{"start":{"line":46,"column":44},"end":{"line":46,"column":84}},"8":{"start":{"line":52,"column":16},"end":{"line":52,"column":65}},"9":{"start":{"line":60,"column":8},"end":{"line":74,"column":10}},"10":{"start":{"line":78,"column":2},"end":{"line":87,"column":4}}},"fnMap":{"0":{"name":"AnalyticsChart","decl":{"start":{"line":19,"column":16},"end":{"line":19,"column":30}},"loc":{"start":{"line":19,"column":84},"end":{"line":88,"column":1}},"line":19},"1":{"name":"(anonymous_1)","decl":{"start":{"line":20,"column":22},"end":{"line":20,"column":23}},"loc":{"start":{"line":20,"column":28},"end":{"line":76,"column":3}},"line":20},"2":{"name":"(anonymous_2)","decl":{"start":{"line":34,"column":33},"end":{"line":34,"column":34}},"loc":{"start":{"line":34,"column":51},"end":{"line":38,"column":9}},"line":34},"3":{"name":"(anonymous_3)","decl":{"start":{"line":46,"column":21},"end":{"line":46,"column":22}},"loc":{"start":{"line":46,"column":44},"end":{"line":46,"column":84}},"line":46},"4":{"name":"(anonymous_4)","decl":{"start":{"line":51,"column":27},"end":{"line":51,"column":28}},"loc":{"start":{"line":52,"column":16},"end":{"line":52,"column":65}},"line":52}},"branchMap":{"0":{"loc":{"start":{"line":19,"column":39},"end":{"line":19,"column":52}},"type":"default-arg","locations":[{"start":{"line":19,"column":46},"end":{"line":19,"column":52}}],"line":19},"1":{"loc":{"start":{"line":21,"column":4},"end":{"line":75,"column":5}},"type":"switch","locations":[{"start":{"line":22,"column":6},"end":{"line":31,"column":10}},{"start":{"line":33,"column":6},"end":{"line":57,"column":10}},{"start":{"line":59,"column":6},"end":{"line":74,"column":10}}],"line":21},"2":{"loc":{"start":{"line":80,"column":7},"end":{"line":82,"column":7}},"type":"binary-expr","locations":[{"start":{"line":80,"column":7},"end":{"line":80,"column":12}},{"start":{"line":81,"column":8},"end":{"line":81,"column":77}}],"line":80}},"s":{"0":0,"1":0,"2":0,"3":0,"4":0,"5":0,"6":0,"7":0,"8":0,"9":0,"10":0},"f":{"0":0,"1":0,"2":0,"3":0,"4":0},"b":{"0":[0],"1":[0,0,0],"2":[0,0]}}
,"/Users/mac/Desktop/keephy/keephy_enhanced/keephy_admin_app/components/DashboardStats.tsx": {"path":"/Users/mac/Desktop/keephy/keephy_enhanced/keephy_admin_app/components/DashboardStats.tsx","statementMap":{"0":{"start":{"line":20,"column":22},"end":{"line":24,"column":3}},"1":{"start":{"line":26,"column":24},"end":{"line":30,"column":3}},"2":{"start":{"line":32,"column":2},"end":{"line":52,"column":4}}},"fnMap":{"0":{"name":"DashboardStats","decl":{"start":{"line":13,"column":16},"end":{"line":13,"column":30}},"loc":{"start":{"line":19,"column":24},"end":{"line":53,"column":1}},"line":19}},"branchMap":{},"s":{"0":0,"1":0,"2":0},"f":{"0":0},"b":{}}
,"/Users/mac/Desktop/keephy/keephy_enhanced/keephy_admin_app/components/ErrorBoundary.tsx": {"path":"/Users/mac/Desktop/keephy/keephy_enhanced/keephy_admin_app/components/ErrorBoundary.tsx","statementMap":{"0":{"start":{"line":18,"column":4},"end":{"line":18,"column":17}},"1":{"start":{"line":19,"column":4},"end":{"line":19,"column":37}},"2":{"start":{"line":23,"column":4},"end":{"line":23,"column":37}},"3":{"start":{"line":27,"column":4},"end":{"line":27,"column":70}},"4":{"start":{"line":28,"column":4},"end":{"line":28,"column":40}},"5":{"start":{"line":31,"column":4},"end":{"line":52,"column":5}},"6":{"start":{"line":32,"column":6},"end":{"line":51,"column":7}},"7":{"start":{"line":33,"column":23},"end":{"line":45,"column":10}},"8":{"start":{"line":46,"column":8},"end":{"line":48,"column":9}},"9":{"start":{"line":47,"column":10},"end":{"line":47,"column":42}},"10":{"start":{"line":56,"column":4},"end":{"line":98,"column":5}},"11":{"start":{"line":57,"column":6},"end":{"line":97,"column":8}},"12":{"start":{"line":74,"column":31},"end":{"line":74,"column":55}},"13":{"start":{"line":80,"column":31},"end":{"line":80,"column":57}},"14":{"start":{"line":100,"column":4},"end":{"line":100,"column":31}}},"fnMap":{"0":{"name":"(anonymous_0)","decl":{"start":{"line":17,"column":2},"end":{"line":17,"column":3}},"loc":{"start":{"line":17,"column":28},"end":{"line":20,"column":3}},"line":17},"1":{"name":"(anonymous_1)","decl":{"start":{"line":22,"column":2},"end":{"line":22,"column":3}},"loc":{"start":{"line":22,"column":55},"end":{"line":24,"column":3}},"line":22},"2":{"name":"(anonymous_2)","decl":{"start":{"line":26,"column":2},"end":{"line":26,"column":3}},"loc":{"start":{"line":26,"column":56},"end":{"line":53,"column":3}},"line":26},"3":{"name":"(anonymous_3)","decl":{"start":{"line":47,"column":32},"end":{"line":47,"column":33}},"loc":{"start":{"line":47,"column":38},"end":{"line":47,"column":40}},"line":47},"4":{"name":"(anonymous_4)","decl":{"start":{"line":55,"column":2},"end":{"line":55,"column":3}},"loc":{"start":{"line":55,"column":11},"end":{"line":101,"column":3}},"line":55},"5":{"name":"(anonymous_5)","decl":{"start":{"line":74,"column":25},"end":{"line":74,"column":26}},"loc":{"start":{"line":74,"column":31},"end":{"line":74,"column":55}},"line":74},"6":{"name":"(anonymous_6)","decl":{"start":{"line":80,"column":25},"end":{"line":80,"column":26}},"loc":{"start":{"line":80,"column":31},"end":{"line":80,"column":57}},"line":80}},"branchMap":{"0":{"loc":{"start":{"line":31,"column":4},"end":{"line":52,"column":5}},"type":"if","locations":[{"start":{"line":31,"column":4},"end":{"line":52,"column":5}},{"start":{},"end":{}}],"line":31},"1":{"loc":{"start":{"line":31,"column":8},"end":{"line":31,"column":68}},"type":"binary-expr","locations":[{"start":{"line":31,"column":8},"end":{"line":31,"column":37}},{"start":{"line":31,"column":41},"end":{"line":31,"column":68}}],"line":31},"2":{"loc":{"start":{"line":46,"column":8},"end":{"line":48,"column":9}},"type":"if","locations":[{"start":{"line":46,"column":8},"end":{"line":48,"column":9}},{"start":{},"end":{}}],"line":46},"3":{"loc":{"start":{"line":46,"column":12},"end":{"line":46,"column":65}},"type":"binary-expr","locations":[{"start":{"line":46,"column":12},"end":{"line":46,"column":18}},{"start":{"line":46,"column":22},"end":{"line":46,"column":65}}],"line":46},"4":{"loc":{"start":{"line":56,"column":4},"end":{"line":98,"column":5}},"type":"if","locations":[{"start":{"line":56,"column":4},"end":{"line":98,"column":5}},{"start":{},"end":{}}],"line":56},"5":{"loc":{"start":{"line":57,"column":13},"end":{"line":97,"column":7}},"type":"binary-expr","locations":[{"start":{"line":57,"column":13},"end":{"line":57,"column":32}},{"start":{"line":58,"column":8},"end":{"line":96,"column":14}}],"line":57},"6":{"loc":{"start":{"line":87,"column":13},"end":{"line":94,"column":13}},"type":"binary-expr","locations":[{"start":{"line":87,"column":13},"end":{"line":87,"column":51}},{"start":{"line":87,"column":55},"end":{"line":87,"column":71}},{"start":{"line":88,"column":14},"end":{"line":93,"column":24}}],"line":87}},"s":{"0":12,"1":11,"2":10,"3":5,"4":5,"5":5,"6":5,"7":5,"8":5,"9":0,"10":26,"11":15,"12":1,"13":1,"14":11},"f":{"0":12,"1":10,"2":5,"3":0,"4":26,"5":1,"6":1},"b":{"0":[5,0],"1":[5,5],"2":[0,5],"3":[5,0],"4":[15,11],"5":[15,15],"6":[15,3,3]},"_coverageSchema":"1a1c01bbd47fc00a2c39e90264f33305004495a9","hash":"18c61522c559e6b851838d3fe22d460540461f2c"}
,"/Users/mac/Desktop/keephy/keephy_enhanced/keephy_admin_app/components/ErrorMessage.tsx": {"path":"/Users/mac/Desktop/keephy/keephy_enhanced/keephy_admin_app/components/ErrorMessage.tsx","statementMap":{"0":{"start":{"line":12,"column":2},"end":{"line":24,"column":4}}},"fnMap":{"0":{"name":"ErrorMessage","decl":{"start":{"line":11,"column":16},"end":{"line":11,"column":28}},"loc":{"start":{"line":11,"column":88},"end":{"line":25,"column":1}},"line":11}},"branchMap":{"0":{"loc":{"start":{"line":11,"column":49},"end":{"line":11,"column":65}},"type":"default-arg","locations":[{"start":{"line":11,"column":61},"end":{"line":11,"column":65}}],"line":11},"1":{"loc":{"start":{"line":17,"column":7},"end":{"line":22,"column":7}},"type":"binary-expr","locations":[{"start":{"line":17,"column":7},"end":{"line":17,"column":16}},{"start":{"line":17,"column":20},"end":{"line":17,"column":27}},{"start":{"line":18,"column":8},"end":{"line":21,"column":17}}],"line":17}},"s":{"0":0},"f":{"0":0},"b":{"0":[0],"1":[0,0,0]}}
,"/Users/mac/Desktop/keephy/keephy_enhanced/keephy_admin_app/components/Header.tsx": {"path":"/Users/mac/Desktop/keephy/keephy_enhanced/keephy_admin_app/components/Header.tsx","statementMap":{"0":{"start":{"line":8,"column":25},"end":{"line":45,"column":1}},"1":{"start":{"line":9,"column":17},"end":{"line":9,"column":28}},"2":{"start":{"line":10,"column":44},"end":{"line":10,"column":59}},"3":{"start":{"line":12,"column":23},"end":{"line":24,"column":3}},"4":{"start":{"line":13,"column":4},"end":{"line":23,"column":5}},"5":{"start":{"line":14,"column":6},"end":{"line":14,"column":29}},"6":{"start":{"line":16,"column":6},"end":{"line":16,"column":62}},"7":{"start":{"line":16,"column":35},"end":{"line":16,"column":60}},"8":{"start":{"line":17,"column":6},"end":{"line":17,"column":39}},"9":{"start":{"line":18,"column":6},"end":{"line":18,"column":28}},"10":{"start":{"line":19,"column":6},"end":{"line":19,"column":47}},"11":{"start":{"line":21,"column":6},"end":{"line":21,"column":38}},"12":{"start":{"line":22,"column":6},"end":{"line":22,"column":30}},"13":{"start":{"line":26,"column":2},"end":{"line":44,"column":4}}},"fnMap":{"0":{"name":"(anonymous_0)","decl":{"start":{"line":8,"column":25},"end":{"line":8,"column":26}},"loc":{"start":{"line":8,"column":31},"end":{"line":45,"column":1}},"line":8},"1":{"name":"(anonymous_1)","decl":{"start":{"line":12,"column":23},"end":{"line":12,"column":24}},"loc":{"start":{"line":12,"column":35},"end":{"line":24,"column":3}},"line":12},"2":{"name":"(anonymous_2)","decl":{"start":{"line":16,"column":24},"end":{"line":16,"column":25}},"loc":{"start":{"line":16,"column":35},"end":{"line":16,"column":60}},"line":16}},"branchMap":{"0":{"loc":{"start":{"line":38,"column":15},"end":{"line":38,"column":58}},"type":"cond-expr","locations":[{"start":{"line":38,"column":31},"end":{"line":38,"column":47}},{"start":{"line":38,"column":50},"end":{"line":38,"column":58}}],"line":38}},"s":{"0":0,"1":0,"2":0,"3":0,"4":0,"5":0,"6":0,"7":0,"8":0,"9":0,"10":0,"11":0,"12":0,"13":0},"f":{"0":0,"1":0,"2":0},"b":{"0":[0,0]}}
,"/Users/mac/Desktop/keephy/keephy_enhanced/keephy_admin_app/components/Layout.tsx": {"path":"/Users/mac/Desktop/keephy/keephy_enhanced/keephy_admin_app/components/Layout.tsx","statementMap":{"0":{"start":{"line":11,"column":38},"end":{"line":21,"column":1}},"1":{"start":{"line":12,"column":2},"end":{"line":20,"column":4}}},"fnMap":{"0":{"name":"(anonymous_0)","decl":{"start":{"line":11,"column":38},"end":{"line":11,"column":39}},"loc":{"start":{"line":11,"column":56},"end":{"line":21,"column":1}},"line":11}},"branchMap":{},"s":{"0":0,"1":0},"f":{"0":0},"b":{}}
,"/Users/mac/Desktop/keephy/keephy_enhanced/keephy_admin_app/components/LoadingSpinner.tsx": {"path":"/Users/mac/Desktop/keephy/keephy_enhanced/keephy_admin_app/components/LoadingSpinner.tsx","statementMap":{"0":{"start":{"line":9,"column":22},"end":{"line":13,"column":3}},"1":{"start":{"line":15,"column":2},"end":{"line":24,"column":4}}},"fnMap":{"0":{"name":"LoadingSpinner","decl":{"start":{"line":8,"column":16},"end":{"line":8,"column":30}},"loc":{"start":{"line":8,"column":75},"end":{"line":25,"column":1}},"line":8}},"branchMap":{"0":{"loc":{"start":{"line":8,"column":33},"end":{"line":8,"column":44}},"type":"default-arg","locations":[{"start":{"line":8,"column":40},"end":{"line":8,"column":44}}],"line":8},"1":{"loc":{"start":{"line":19,"column":9},"end":{"line":21,"column":9}},"type":"binary-expr","locations":[{"start":{"line":19,"column":9},"end":{"line":19,"column":13}},{"start":{"line":20,"column":10},"end":{"line":20,"column":49}}],"line":19}},"s":{"0":0,"1":0},"f":{"0":0},"b":{"0":[0],"1":[0,0]}}
,"/Users/mac/Desktop/keephy/keephy_enhanced/keephy_admin_app/components/RecentSubmissions.tsx": {"path":"/Users/mac/Desktop/keephy/keephy_enhanced/keephy_admin_app/components/RecentSubmissions.tsx","statementMap":{"0":{"start":{"line":23,"column":25},"end":{"line":27,"column":3}},"1":{"start":{"line":24,"column":4},"end":{"line":24,"column":45}},"2":{"start":{"line":24,"column":21},"end":{"line":24,"column":45}},"3":{"start":{"line":25,"column":4},"end":{"line":25,"column":46}},"4":{"start":{"line":25,"column":21},"end":{"line":25,"column":46}},"5":{"start":{"line":26,"column":4},"end":{"line":26,"column":26}},"6":{"start":{"line":29,"column":22},"end":{"line":33,"column":3}},"7":{"start":{"line":30,"column":4},"end":{"line":30,"column":43}},"8":{"start":{"line":30,"column":21},"end":{"line":30,"column":43}},"9":{"start":{"line":31,"column":4},"end":{"line":31,"column":44}},"10":{"start":{"line":31,"column":21},"end":{"line":31,"column":44}},"11":{"start":{"line":32,"column":4},"end":{"line":32,"column":24}},"12":{"start":{"line":35,"column":21},"end":{"line":44,"column":3}},"13":{"start":{"line":36,"column":17},"end":{"line":36,"column":37}},"14":{"start":{"line":37,"column":16},"end":{"line":37,"column":26}},"15":{"start":{"line":38,"column":24},"end":{"line":38,"column":87}},"16":{"start":{"line":40,"column":4},"end":{"line":40,"column":43}},"17":{"start":{"line":40,"column":25},"end":{"line":40,"column":43}},"18":{"start":{"line":41,"column":4},"end":{"line":41,"column":55}},"19":{"start":{"line":41,"column":26},"end":{"line":41,"column":55}},"20":{"start":{"line":42,"column":4},"end":{"line":42,"column":45}},"21":{"start":{"line":42,"column":26},"end":{"line":42,"column":45}},"22":{"start":{"line":43,"column":4},"end":{"line":43,"column":37}},"23":{"start":{"line":46,"column":2},"end":{"line":56,"column":3}},"24":{"start":{"line":47,"column":4},"end":{"line":55,"column":6}},"25":{"start":{"line":58,"column":2},"end":{"line":96,"column":4}},"26":{"start":{"line":61,"column":8},"end":{"line":93,"column":14}}},"fnMap":{"0":{"name":"RecentSubmissions","decl":{"start":{"line":22,"column":16},"end":{"line":22,"column":33}},"loc":{"start":{"line":22,"column":75},"end":{"line":97,"column":1}},"line":22},"1":{"name":"(anonymous_1)","decl":{"start":{"line":23,"column":25},"end":{"line":23,"column":26}},"loc":{"start":{"line":23,"column":45},"end":{"line":27,"column":3}},"line":23},"2":{"name":"(anonymous_2)","decl":{"start":{"line":29,"column":22},"end":{"line":29,"column":23}},"loc":{"start":{"line":29,"column":42},"end":{"line":33,"column":3}},"line":29},"3":{"name":"(anonymous_3)","decl":{"start":{"line":35,"column":21},"end":{"line":35,"column":22}},"loc":{"start":{"line":35,"column":45},"end":{"line":44,"column":3}},"line":35},"4":{"name":"(anonymous_4)","decl":{"start":{"line":60,"column":23},"end":{"line":60,"column":24}},"loc":{"start":{"line":61,"column":8},"end":{"line":93,"column":14}},"line":61}},"branchMap":{"0":{"loc":{"start":{"line":24,"column":4},"end":{"line":24,"column":45}},"type":"if","locations":[{"start":{"line":24,"column":4},"end":{"line":24,"column":45}},{"start":{},"end":{}}],"line":24},"1":{"loc":{"start":{"line":25,"column":4},"end":{"line":25,"column":46}},"type":"if","locations":[{"start":{"line":25,"column":4},"end":{"line":25,"column":46}},{"start":{},"end":{}}],"line":25},"2":{"loc":{"start":{"line":30,"column":4},"end":{"line":30,"column":43}},"type":"if","locations":[{"start":{"line":30,"column":4},"end":{"line":30,"column":43}},{"start":{},"end":{}}],"line":30},"3":{"loc":{"start":{"line":31,"column":4},"end":{"line":31,"column":44}},"type":"if","locations":[{"start":{"line":31,"column":4},"end":{"line":31,"column":44}},{"start":{},"end":{}}],"line":31},"4":{"loc":{"start":{"line":40,"column":4},"end":{"line":40,"column":43}},"type":"if","locations":[{"start":{"line":40,"column":4},"end":{"line":40,"column":43}},{"start":{},"end":{}}],"line":40},"5":{"loc":{"start":{"line":41,"column":4},"end":{"line":41,"column":55}},"type":"if","locations":[{"start":{"line":41,"column":4},"end":{"line":41,"column":55}},{"start":{},"end":{}}],"line":41},"6":{"loc":{"start":{"line":42,"column":4},"end":{"line":42,"column":45}},"type":"if","locations":[{"start":{"line":42,"column":4},"end":{"line":42,"column":45}},{"start":{},"end":{}}],"line":42},"7":{"loc":{"start":{"line":46,"column":2},"end":{"line":56,"column":3}},"type":"if","locations":[{"start":{"line":46,"column":2},"end":{"line":56,"column":3}},{"start":{},"end":{}}],"line":46},"8":{"loc":{"start":{"line":87,"column":13},"end":{"line":91,"column":13}},"type":"binary-expr","locations":[{"start":{"line":87,"column":13},"end":{"line":87,"column":31}},{"start":{"line":88,"column":14},"end":{"line":90,"column":18}}],"line":87}},"s":{"0":0,"1":0,"2":0,"3":0,"4":0,"5":0,"6":0,"7":0,"8":0,"9":0,"10":0,"11":0,"12":0,"13":0,"14":0,"15":0,"16":0,"17":0,"18":0,"19":0,"20":0,"21":0,"22":0,"23":0,"24":0,"25":0,"26":0},"f":{"0":0,"1":0,"2":0,"3":0,"4":0},"b":{"0":[0,0],"1":[0,0],"2":[0,0],"3":[0,0],"4":[0,0],"5":[0,0],"6":[0,0],"7":[0,0],"8":[0,0]}}
,"/Users/mac/Desktop/keephy/keephy_enhanced/keephy_admin_app/components/Sidebar.tsx": {"path":"/Users/mac/Desktop/keephy/keephy_enhanced/keephy_admin_app/components/Sidebar.tsx","statementMap":{"0":{"start":{"line":7,"column":24},"end":{"line":23,"column":1}},"1":{"start":{"line":25,"column":20},"end":{"line":44,"column":1}},"2":{"start":{"line":26,"column":19},"end":{"line":26,"column":32}},"3":{"start":{"line":27,"column":19},"end":{"line":27,"column":34}},"4":{"start":{"line":29,"column":2},"end":{"line":43,"column":4}},"5":{"start":{"line":47,"column":2},"end":{"line":62,"column":4}},"6":{"start":{"line":52,"column":12},"end":{"line":57,"column":14}}},"fnMap":{"0":{"name":"(anonymous_0)","decl":{"start":{"line":25,"column":20},"end":{"line":25,"column":21}},"loc":{"start":{"line":25,"column":94},"end":{"line":44,"column":1}},"line":25},"1":{"name":"Sidebar","decl":{"start":{"line":46,"column":24},"end":{"line":46,"column":31}},"loc":{"start":{"line":46,"column":34},"end":{"line":63,"column":1}},"line":46},"2":{"name":"(anonymous_2)","decl":{"start":{"line":51,"column":32},"end":{"line":51,"column":33}},"loc":{"start":{"line":52,"column":12},"end":{"line":57,"column":14}},"line":52}},"branchMap":{"0":{"loc":{"start":{"line":33,"column":10},"end":{"line":35,"column":186}},"type":"cond-expr","locations":[{"start":{"line":34,"column":14},"end":{"line":34,"column":199}},{"start":{"line":35,"column":14},"end":{"line":35,"column":186}}],"line":33}},"s":{"0":0,"1":0,"2":0,"3":0,"4":0,"5":0,"6":0},"f":{"0":0,"1":0,"2":0},"b":{"0":[0,0]}}
,"/Users/mac/Desktop/keephy/keephy_enhanced/keephy_admin_app/utils/routeChecker.ts": {"path":"/Users/mac/Desktop/keephy/keephy_enhanced/keephy_admin_app/utils/routeChecker.ts","statementMap":{"0":{"start":{"line":14,"column":48},"end":{"line":92,"column":1}},"1":{"start":{"line":96,"column":29},"end":{"line":96,"column":31}},"2":{"start":{"line":99,"column":4},"end":{"line":101,"column":5}},"3":{"start":{"line":100,"column":6},"end":{"line":100,"column":59}},"4":{"start":{"line":102,"column":4},"end":{"line":102,"column":38}},"5":{"start":{"line":106,"column":4},"end":{"line":106,"column":21}},"6":{"start":{"line":109,"column":18},"end":{"line":109,"column":57}},"7":{"start":{"line":109,"column":41},"end":{"line":109,"column":56}},"8":{"start":{"line":110,"column":4},"end":{"line":113,"column":5}},"9":{"start":{"line":111,"column":6},"end":{"line":111,"column":79}},"10":{"start":{"line":112,"column":6},"end":{"line":112,"column":53}},"11":{"start":{"line":116,"column":4},"end":{"line":116,"column":47}},"12":{"start":{"line":119,"column":4},"end":{"line":119,"column":44}},"13":{"start":{"line":122,"column":4},"end":{"line":122,"column":47}},"14":{"start":{"line":125,"column":4},"end":{"line":125,"column":37}},"15":{"start":{"line":127,"column":4},"end":{"line":127,"column":70}},"16":{"start":{"line":131,"column":28},"end":{"line":134,"column":5}},"17":{"start":{"line":135,"column":4},"end":{"line":137,"column":5}},"18":{"start":{"line":136,"column":6},"end":{"line":136,"column":94}},"19":{"start":{"line":141,"column":4},"end":{"line":148,"column":5}},"20":{"start":{"line":142,"column":6},"end":{"line":147,"column":7}},"21":{"start":{"line":143,"column":22},"end":{"line":143,"column":51}},"22":{"start":{"line":144,"column":8},"end":{"line":146,"column":9}},"23":{"start":{"line":145,"column":10},"end":{"line":145,"column":93}},"24":{"start":{"line":152,"column":4},"end":{"line":156,"column":5}},"25":{"start":{"line":153,"column":6},"end":{"line":155,"column":7}},"26":{"start":{"line":154,"column":8},"end":{"line":154,"column":89}},"27":{"start":{"line":160,"column":4},"end":{"line":162,"column":5}},"28":{"start":{"line":161,"column":6},"end":{"line":161,"column":80}},"29":{"start":{"line":166,"column":32},"end":{"line":166,"column":34}},"30":{"start":{"line":167,"column":21},"end":{"line":167,"column":22}},"31":{"start":{"line":169,"column":4},"end":{"line":176,"column":7}},"32":{"start":{"line":170,"column":25},"end":{"line":170,"column":65}},"33":{"start":{"line":171,"column":6},"end":{"line":175,"column":7}},"34":{"start":{"line":172,"column":8},"end":{"line":172,"column":45}},"35":{"start":{"line":174,"column":8},"end":{"line":174,"column":21}},"36":{"start":{"line":178,"column":4},"end":{"line":182,"column":6}},"37":{"start":{"line":186,"column":4},"end":{"line":191,"column":9}},"38":{"start":{"line":187,"column":25},"end":{"line":187,"column":52}},"39":{"start":{"line":189,"column":8},"end":{"line":189,"column":95}},"40":{"start":{"line":190,"column":8},"end":{"line":190,"column":51}},"41":{"start":{"line":195,"column":4},"end":{"line":208,"column":7}},"42":{"start":{"line":196,"column":6},"end":{"line":199,"column":7}},"43":{"start":{"line":197,"column":8},"end":{"line":197,"column":23}},"44":{"start":{"line":198,"column":8},"end":{"line":198,"column":15}},"45":{"start":{"line":201,"column":18},"end":{"line":201,"column":29}},"46":{"start":{"line":202,"column":6},"end":{"line":202,"column":39}},"47":{"start":{"line":202,"column":25},"end":{"line":202,"column":38}},"48":{"start":{"line":203,"column":6},"end":{"line":206,"column":8}},"49":{"start":{"line":204,"column":8},"end":{"line":204,"column":68}},"50":{"start":{"line":205,"column":8},"end":{"line":205,"column":23}},"51":{"start":{"line":207,"column":6},"end":{"line":207,"column":26}},"52":{"start":{"line":212,"column":4},"end":{"line":212,"column":28}},"53":{"start":{"line":216,"column":4},"end":{"line":216,"column":21}},"54":{"start":{"line":221,"column":45},"end":{"line":243,"column":1}},"55":{"start":{"line":222,"column":2},"end":{"line":222,"column":44}},"56":{"start":{"line":222,"column":37},"end":{"line":222,"column":44}},"57":{"start":{"line":225,"column":2},"end":{"line":228,"column":5}},"58":{"start":{"line":226,"column":4},"end":{"line":226,"column":70}},"59":{"start":{"line":227,"column":4},"end":{"line":227,"column":102}},"60":{"start":{"line":231,"column":2},"end":{"line":234,"column":5}},"61":{"start":{"line":232,"column":4},"end":{"line":232,"column":58}},"62":{"start":{"line":233,"column":4},"end":{"line":233,"column":118}},"63":{"start":{"line":237,"column":2},"end":{"line":242,"column":11}},"64":{"start":{"line":238,"column":4},"end":{"line":241,"column":5}},"65":{"start":{"line":239,"column":6},"end":{"line":239,"column":67}},"66":{"start":{"line":240,"column":6},"end":{"line":240,"column":135}}},"fnMap":{"0":{"name":"(anonymous_0)","decl":{"start":{"line":98,"column":2},"end":{"line":98,"column":3}},"loc":{"start":{"line":98,"column":42},"end":{"line":103,"column":3}},"line":98},"1":{"name":"(anonymous_1)","decl":{"start":{"line":105,"column":2},"end":{"line":105,"column":3}},"loc":{"start":{"line":105,"column":89},"end":{"line":128,"column":3}},"line":105},"2":{"name":"(anonymous_2)","decl":{"start":{"line":109,"column":36},"end":{"line":109,"column":37}},"loc":{"start":{"line":109,"column":41},"end":{"line":109,"column":56}},"line":109},"3":{"name":"(anonymous_3)","decl":{"start":{"line":130,"column":2},"end":{"line":130,"column":3}},"loc":{"start":{"line":130,"column":60},"end":{"line":138,"column":3}},"line":130},"4":{"name":"(anonymous_4)","decl":{"start":{"line":140,"column":2},"end":{"line":140,"column":3}},"loc":{"start":{"line":140,"column":77},"end":{"line":149,"column":3}},"line":140},"5":{"name":"(anonymous_5)","decl":{"start":{"line":151,"column":2},"end":{"line":151,"column":3}},"loc":{"start":{"line":151,"column":81},"end":{"line":157,"column":3}},"line":151},"6":{"name":"(anonymous_6)","decl":{"start":{"line":159,"column":2},"end":{"line":159,"column":3}},"loc":{"start":{"line":159,"column":62},"end":{"line":163,"column":3}},"line":159},"7":{"name":"(anonymous_7)","decl":{"start":{"line":165,"column":2},"end":{"line":165,"column":3}},"loc":{"start":{"line":165,"column":103},"end":{"line":183,"column":3}},"line":165},"8":{"name":"(anonymous_8)","decl":{"start":{"line":169,"column":25},"end":{"line":169,"column":26}},"loc":{"start":{"line":169,"column":34},"end":{"line":176,"column":5}},"line":169},"9":{"name":"(anonymous_9)","decl":{"start":{"line":185,"column":2},"end":{"line":185,"column":3}},"loc":{"start":{"line":185,"column":82},"end":{"line":192,"column":3}},"line":185},"10":{"name":"(anonymous_10)","decl":{"start":{"line":187,"column":12},"end":{"line":187,"column":13}},"loc":{"start":{"line":187,"column":25},"end":{"line":187,"column":52}},"line":187},"11":{"name":"(anonymous_11)","decl":{"start":{"line":188,"column":13},"end":{"line":188,"column":14}},"loc":{"start":{"line":188,"column":22},"end":{"line":191,"column":7}},"line":188},"12":{"name":"(anonymous_12)","decl":{"start":{"line":194,"column":2},"end":{"line":194,"column":3}},"loc":{"start":{"line":194,"column":56},"end":{"line":209,"column":3}},"line":194},"13":{"name":"(anonymous_13)","decl":{"start":{"line":195,"column":23},"end":{"line":195,"column":24}},"loc":{"start":{"line":195,"column":36},"end":{"line":208,"column":5}},"line":195},"14":{"name":"(anonymous_14)","decl":{"start":{"line":202,"column":19},"end":{"line":202,"column":20}},"loc":{"start":{"line":202,"column":25},"end":{"line":202,"column":38}},"line":202},"15":{"name":"(anonymous_15)","decl":{"start":{"line":203,"column":20},"end":{"line":203,"column":21}},"loc":{"start":{"line":203,"column":26},"end":{"line":206,"column":7}},"line":203},"16":{"name":"(anonymous_16)","decl":{"start":{"line":211,"column":2},"end":{"line":211,"column":3}},"loc":{"start":{"line":211,"column":24},"end":{"line":213,"column":3}},"line":211},"17":{"name":"(anonymous_17)","decl":{"start":{"line":215,"column":2},"end":{"line":215,"column":3}},"loc":{"start":{"line":215,"column":22},"end":{"line":217,"column":3}},"line":215},"18":{"name":"(anonymous_18)","decl":{"start":{"line":221,"column":45},"end":{"line":221,"column":46}},"loc":{"start":{"line":221,"column":51},"end":{"line":243,"column":1}},"line":221},"19":{"name":"(anonymous_19)","decl":{"start":{"line":225,"column":48},"end":{"line":225,"column":49}},"loc":{"start":{"line":225,"column":59},"end":{"line":228,"column":3}},"line":225},"20":{"name":"(anonymous_20)","decl":{"start":{"line":231,"column":35},"end":{"line":231,"column":36}},"loc":{"start":{"line":231,"column":46},"end":{"line":234,"column":3}},"line":231},"21":{"name":"(anonymous_21)","decl":{"start":{"line":237,"column":35},"end":{"line":237,"column":36}},"loc":{"start":{"line":237,"column":46},"end":{"line":242,"column":3}},"line":237}},"branchMap":{"0":{"loc":{"start":{"line":99,"column":4},"end":{"line":101,"column":5}},"type":"if","locations":[{"start":{"line":99,"column":4},"end":{"line":101,"column":5}},{"start":{},"end":{}}],"line":99},"1":{"loc":{"start":{"line":110,"column":4},"end":{"line":113,"column":5}},"type":"if","locations":[{"start":{"line":110,"column":4},"end":{"line":113,"column":5}},{"start":{},"end":{}}],"line":110},"2":{"loc":{"start":{"line":135,"column":4},"end":{"line":137,"column":5}},"type":"if","locations":[{"start":{"line":135,"column":4},"end":{"line":137,"column":5}},{"start":{},"end":{}}],"line":135},"3":{"loc":{"start":{"line":141,"column":4},"end":{"line":148,"column":5}},"type":"if","locations":[{"start":{"line":141,"column":4},"end":{"line":148,"column":5}},{"start":{},"end":{}}],"line":141},"4":{"loc":{"start":{"line":142,"column":6},"end":{"line":147,"column":7}},"type":"if","locations":[{"start":{"line":142,"column":6},"end":{"line":147,"column":7}},{"start":{},"end":{}}],"line":142},"5":{"loc":{"start":{"line":144,"column":8},"end":{"line":146,"column":9}},"type":"if","locations":[{"start":{"line":144,"column":8},"end":{"line":146,"column":9}},{"start":{},"end":{}}],"line":144},"6":{"loc":{"start":{"line":152,"column":4},"end":{"line":156,"column":5}},"type":"if","locations":[{"start":{"line":152,"column":4},"end":{"line":156,"column":5}},{"start":{},"end":{}}],"line":152},"7":{"loc":{"start":{"line":152,"column":8},"end":{"line":152,"column":49}},"type":"binary-expr","locations":[{"start":{"line":152,"column":8},"end":{"line":152,"column":16}},{"start":{"line":152,"column":20},"end":{"line":152,"column":49}}],"line":152},"8":{"loc":{"start":{"line":153,"column":6},"end":{"line":155,"column":7}},"type":"if","locations":[{"start":{"line":153,"column":6},"end":{"line":155,"column":7}},{"start":{},"end":{}}],"line":153},"9":{"loc":{"start":{"line":160,"column":4},"end":{"line":162,"column":5}},"type":"if","locations":[{"start":{"line":160,"column":4},"end":{"line":162,"column":5}},{"start":{},"end":{}}],"line":160},"10":{"loc":{"start":{"line":171,"column":6},"end":{"line":175,"column":7}},"type":"if","locations":[{"start":{"line":171,"column":6},"end":{"line":175,"column":7}},{"start":{"line":173,"column":13},"end":{"line":175,"column":7}}],"line":171},"11":{"loc":{"start":{"line":196,"column":6},"end":{"line":199,"column":7}},"type":"if","locations":[{"start":{"line":196,"column":6},"end":{"line":199,"column":7}},{"start":{},"end":{}}],"line":196},"12":{"loc":{"start":{"line":222,"column":2},"end":{"line":222,"column":44}},"type":"if","locations":[{"start":{"line":222,"column":2},"end":{"line":222,"column":44}},{"start":{},"end":{}}],"line":222},"13":{"loc":{"start":{"line":233,"column":75},"end":{"line":233,"column":114}},"type":"binary-expr","locations":[{"start":{"line":233,"column":75},"end":{"line":233,"column":95}},{"start":{"line":233,"column":99},"end":{"line":233,"column":114}}],"line":233},"14":{"loc":{"start":{"line":238,"column":4},"end":{"line":241,"column":5}},"type":"if","locations":[{"start":{"line":238,"column":4},"end":{"line":241,"column":5}},{"start":{},"end":{}}],"line":238},"15":{"loc":{"start":{"line":240,"column":83},"end":{"line":240,"column":131}},"type":"binary-expr","locations":[{"start":{"line":240,"column":83},"end":{"line":240,"column":109}},{"start":{"line":240,"column":113},"end":{"line":240,"column":131}}],"line":240}},"s":{"0":0,"1":0,"2":0,"3":0,"4":0,"5":0,"6":0,"7":0,"8":0,"9":0,"10":0,"11":0,"12":0,"13":0,"14":0,"15":0,"16":0,"17":0,"18":0,"19":0,"20":0,"21":0,"22":0,"23":0,"24":0,"25":0,"26":0,"27":0,"28":0,"29":0,"30":0,"31":0,"32":0,"33":0,"34":0,"35":0,"36":0,"37":0,"38":0,"39":0,"40":0,"41":0,"42":0,"43":0,"44":0,"45":0,"46":0,"47":0,"48":0,"49":0,"50":0,"51":0,"52":0,"53":0,"54":0,"55":0,"56":0,"57":0,"58":0,"59":0,"60":0,"61":0,"62":0,"63":0,"64":0,"65":0,"66":0},"f":{"0":0,"1":0,"2":0,"3":0,"4":0,"5":0,"6":0,"7":0,"8":0,"9":0,"10":0,"11":0,"12":0,"13":0,"14":0,"15":0,"16":0,"17":0,"18":0,"19":0,"20":0,"21":0},"b":{"0":[0,0],"1":[0,0],"2":[0,0],"3":[0,0],"4":[0,0],"5":[0,0],"6":[0,0],"7":[0,0],"8":[0,0],"9":[0,0],"10":[0,0],"11":[0,0],"12":[0,0],"13":[0,0],"14":[0,0],"15":[0,0]}}
}
