TN:
SF:app/layout.tsx
FN:20,RootLayout
FNF:1
FNH:0
FNDA:0,RootLayout
DA:10,0
DA:12,0
DA:26,0
DA:27,0
DA:30,0
LF:5
LH:0
BRDA:26,0,0,0
BRDA:26,0,1,0
BRF:2
BRH:0
end_of_record
TN:
SF:app/page.tsx
FN:5,(anonymous_0)
FNF:1
FNH:1
FNDA:12,(anonymous_0)
DA:5,1
DA:7,12
LF:2
LH:2
BRF:0
BRH:0
end_of_record
TN:
SF:app/providers.tsx
FN:7,Providers
FN:8,(anonymous_1)
FN:12,(anonymous_2)
FNF:3
FNH:0
FNDA:0,Providers
FNDA:0,(anonymous_1)
FNDA:0,(anonymous_2)
DA:8,0
DA:13,0
DA:14,0
DA:20,0
LF:4
LH:0
BRDA:13,0,0,0
BRDA:13,0,1,0
BRF:2
BRH:0
end_of_record
TN:
SF:components/AnalyticsChart.tsx
FN:19,AnalyticsChart
FN:20,(anonymous_1)
FN:34,(anonymous_2)
FN:46,(anonymous_3)
FN:51,(anonymous_4)
FNF:5
FNH:0
FNDA:0,AnalyticsChart
FNDA:0,(anonymous_1)
FNDA:0,(anonymous_2)
FNDA:0,(anonymous_3)
FNDA:0,(anonymous_4)
DA:17,0
DA:20,0
DA:21,0
DA:23,0
DA:34,0
DA:39,0
DA:46,0
DA:52,0
DA:60,0
DA:78,0
LF:10
LH:0
BRDA:19,0,0,0
BRDA:21,1,0,0
BRDA:21,1,1,0
BRDA:21,1,2,0
BRDA:80,2,0,0
BRDA:80,2,1,0
BRF:6
BRH:0
end_of_record
TN:
SF:components/DashboardStats.tsx
FN:13,DashboardStats
FNF:1
FNH:0
FNDA:0,DashboardStats
DA:20,0
DA:26,0
DA:32,0
LF:3
LH:0
BRF:0
BRH:0
end_of_record
TN:
SF:components/ErrorBoundary.tsx
FN:17,(anonymous_0)
FN:22,(anonymous_1)
FN:26,(anonymous_2)
FN:47,(anonymous_3)
FN:55,(anonymous_4)
FN:74,(anonymous_5)
FN:80,(anonymous_6)
FNF:7
FNH:6
FNDA:12,(anonymous_0)
FNDA:10,(anonymous_1)
FNDA:5,(anonymous_2)
FNDA:0,(anonymous_3)
FNDA:26,(anonymous_4)
FNDA:1,(anonymous_5)
FNDA:1,(anonymous_6)
DA:18,12
DA:19,11
DA:23,10
DA:27,5
DA:28,5
DA:31,5
DA:32,5
DA:33,5
DA:46,5
DA:47,0
DA:56,26
DA:57,15
DA:74,1
DA:80,1
DA:100,11
LF:15
LH:14
BRDA:31,0,0,5
BRDA:31,0,1,0
BRDA:31,1,0,5
BRDA:31,1,1,5
BRDA:46,2,0,0
BRDA:46,2,1,5
BRDA:46,3,0,5
BRDA:46,3,1,0
BRDA:56,4,0,15
BRDA:56,4,1,11
BRDA:57,5,0,15
BRDA:57,5,1,15
BRDA:87,6,0,15
BRDA:87,6,1,3
BRDA:87,6,2,3
BRF:15
BRH:12
end_of_record
TN:
SF:components/ErrorMessage.tsx
FN:11,ErrorMessage
FNF:1
FNH:0
FNDA:0,ErrorMessage
DA:12,0
LF:1
LH:0
BRDA:11,0,0,0
BRDA:17,1,0,0
BRDA:17,1,1,0
BRDA:17,1,2,0
BRF:4
BRH:0
end_of_record
TN:
SF:components/Header.tsx
FN:8,(anonymous_0)
FN:12,(anonymous_1)
FN:16,(anonymous_2)
FNF:3
FNH:0
FNDA:0,(anonymous_0)
FNDA:0,(anonymous_1)
FNDA:0,(anonymous_2)
DA:8,0
DA:9,0
DA:10,0
DA:12,0
DA:13,0
DA:14,0
DA:16,0
DA:17,0
DA:18,0
DA:19,0
DA:21,0
DA:22,0
DA:26,0
LF:13
LH:0
BRDA:38,0,0,0
BRDA:38,0,1,0
BRF:2
BRH:0
end_of_record
TN:
SF:components/Layout.tsx
FN:11,(anonymous_0)
FNF:1
FNH:0
FNDA:0,(anonymous_0)
DA:11,0
DA:12,0
LF:2
LH:0
BRF:0
BRH:0
end_of_record
TN:
SF:components/LoadingSpinner.tsx
FN:8,LoadingSpinner
FNF:1
FNH:0
FNDA:0,LoadingSpinner
DA:9,0
DA:15,0
LF:2
LH:0
BRDA:8,0,0,0
BRDA:19,1,0,0
BRDA:19,1,1,0
BRF:3
BRH:0
end_of_record
TN:
SF:components/RecentSubmissions.tsx
FN:22,RecentSubmissions
FN:23,(anonymous_1)
FN:29,(anonymous_2)
FN:35,(anonymous_3)
FN:60,(anonymous_4)
FNF:5
FNH:0
FNDA:0,RecentSubmissions
FNDA:0,(anonymous_1)
FNDA:0,(anonymous_2)
FNDA:0,(anonymous_3)
FNDA:0,(anonymous_4)
DA:23,0
DA:24,0
DA:25,0
DA:26,0
DA:29,0
DA:30,0
DA:31,0
DA:32,0
DA:35,0
DA:36,0
DA:37,0
DA:38,0
DA:40,0
DA:41,0
DA:42,0
DA:43,0
DA:46,0
DA:47,0
DA:58,0
DA:61,0
LF:20
LH:0
BRDA:24,0,0,0
BRDA:24,0,1,0
BRDA:25,1,0,0
BRDA:25,1,1,0
BRDA:30,2,0,0
BRDA:30,2,1,0
BRDA:31,3,0,0
BRDA:31,3,1,0
BRDA:40,4,0,0
BRDA:40,4,1,0
BRDA:41,5,0,0
BRDA:41,5,1,0
BRDA:42,6,0,0
BRDA:42,6,1,0
BRDA:46,7,0,0
BRDA:46,7,1,0
BRDA:87,8,0,0
BRDA:87,8,1,0
BRF:18
BRH:0
end_of_record
TN:
SF:components/Sidebar.tsx
FN:25,(anonymous_0)
FN:46,Sidebar
FN:51,(anonymous_2)
FNF:3
FNH:0
FNDA:0,(anonymous_0)
FNDA:0,Sidebar
FNDA:0,(anonymous_2)
DA:7,0
DA:25,0
DA:26,0
DA:27,0
DA:29,0
DA:47,0
DA:52,0
LF:7
LH:0
BRDA:33,0,0,0
BRDA:33,0,1,0
BRF:2
BRH:0
end_of_record
TN:
SF:utils/routeChecker.ts
FN:98,(anonymous_0)
FN:105,(anonymous_1)
FN:109,(anonymous_2)
FN:130,(anonymous_3)
FN:140,(anonymous_4)
FN:151,(anonymous_5)
FN:159,(anonymous_6)
FN:165,(anonymous_7)
FN:169,(anonymous_8)
FN:185,(anonymous_9)
FN:187,(anonymous_10)
FN:188,(anonymous_11)
FN:194,(anonymous_12)
FN:195,(anonymous_13)
FN:202,(anonymous_14)
FN:203,(anonymous_15)
FN:211,(anonymous_16)
FN:215,(anonymous_17)
FN:221,(anonymous_18)
FN:225,(anonymous_19)
FN:231,(anonymous_20)
FN:237,(anonymous_21)
FNF:22
FNH:0
FNDA:0,(anonymous_0)
FNDA:0,(anonymous_1)
FNDA:0,(anonymous_2)
FNDA:0,(anonymous_3)
FNDA:0,(anonymous_4)
FNDA:0,(anonymous_5)
FNDA:0,(anonymous_6)
FNDA:0,(anonymous_7)
FNDA:0,(anonymous_8)
FNDA:0,(anonymous_9)
FNDA:0,(anonymous_10)
FNDA:0,(anonymous_11)
FNDA:0,(anonymous_12)
FNDA:0,(anonymous_13)
FNDA:0,(anonymous_14)
FNDA:0,(anonymous_15)
FNDA:0,(anonymous_16)
FNDA:0,(anonymous_17)
FNDA:0,(anonymous_18)
FNDA:0,(anonymous_19)
FNDA:0,(anonymous_20)
FNDA:0,(anonymous_21)
DA:14,0
DA:96,0
DA:99,0
DA:100,0
DA:102,0
DA:106,0
DA:109,0
DA:110,0
DA:111,0
DA:112,0
DA:116,0
DA:119,0
DA:122,0
DA:125,0
DA:127,0
DA:131,0
DA:135,0
DA:136,0
DA:141,0
DA:142,0
DA:143,0
DA:144,0
DA:145,0
DA:152,0
DA:153,0
DA:154,0
DA:160,0
DA:161,0
DA:166,0
DA:167,0
DA:169,0
DA:170,0
DA:171,0
DA:172,0
DA:174,0
DA:178,0
DA:186,0
DA:187,0
DA:189,0
DA:190,0
DA:195,0
DA:196,0
DA:197,0
DA:198,0
DA:201,0
DA:202,0
DA:203,0
DA:204,0
DA:205,0
DA:207,0
DA:212,0
DA:216,0
DA:221,0
DA:222,0
DA:225,0
DA:226,0
DA:227,0
DA:231,0
DA:232,0
DA:233,0
DA:237,0
DA:238,0
DA:239,0
DA:240,0
LF:64
LH:0
BRDA:99,0,0,0
BRDA:99,0,1,0
BRDA:110,1,0,0
BRDA:110,1,1,0
BRDA:135,2,0,0
BRDA:135,2,1,0
BRDA:141,3,0,0
BRDA:141,3,1,0
BRDA:142,4,0,0
BRDA:142,4,1,0
BRDA:144,5,0,0
BRDA:144,5,1,0
BRDA:152,6,0,0
BRDA:152,6,1,0
BRDA:152,7,0,0
BRDA:152,7,1,0
BRDA:153,8,0,0
BRDA:153,8,1,0
BRDA:160,9,0,0
BRDA:160,9,1,0
BRDA:171,10,0,0
BRDA:171,10,1,0
BRDA:196,11,0,0
BRDA:196,11,1,0
BRDA:222,12,0,0
BRDA:222,12,1,0
BRDA:233,13,0,0
BRDA:233,13,1,0
BRDA:238,14,0,0
BRDA:238,14,1,0
BRDA:240,15,0,0
BRDA:240,15,1,0
BRF:32
BRH:0
end_of_record
